build/app/intermediates/manifest_merge_blame_file/debug/manifest-merger-blame-debug-report.txt
1<?xml version="1.0" encoding="utf-8"?>
2<manifest xmlns:android="http://schemas.android.com/apk/res/android"
3    package="com.omer.eu"
4    android:versionCode="1"
5    android:versionName="1.0.0" >
6
7    <uses-sdk
8        android:minSdkVersion="21"
9        android:targetSdkVersion="30" />
10    <!--
11         Flutter needs it to communicate with the running application
12         to allow setting breakpoints, to provide hot reload, etc.
13    -->
14    <uses-permission android:name="android.permission.INTERNET" />
14-->src/main/AndroidManifest.xml:4:5-83
14-->src/main/AndroidManifest.xml:4:22-64
15    <uses-permission android:name="android.permission.ACCESS_COARSE_LOCATION" />
15-->src/main/AndroidManifest.xml:5:5-81
15-->src/main/AndroidManifest.xml:5:22-78
16    <uses-permission android:name="android.Manifest.permission.ACCESS_FINE_LOCATION" />
16-->src/main/AndroidManifest.xml:6:5-88
16-->src/main/AndroidManifest.xml:6:22-85
17    <uses-permission android:name="android.permission.WAKE_LOCK" />
17-->[:firebase_messaging] AndroidManifest.xml:8:5-68
17-->[:firebase_messaging] AndroidManifest.xml:8:22-65
18    <uses-permission android:name="android.permission.ACCESS_NETWORK_STATE" />
18-->[:firebase_messaging] AndroidManifest.xml:9:5-79
18-->[:firebase_messaging] AndroidManifest.xml:9:22-76
19    <uses-permission android:name="android.permission.WRITE_EXTERNAL_STORAGE" />
19-->[:photo_manager] AndroidManifest.xml:7:5-81
19-->[:photo_manager] AndroidManifest.xml:7:22-78
20    <uses-permission android:name="android.permission.READ_EXTERNAL_STORAGE" />
20-->[:photo_manager] AndroidManifest.xml:8:5-80
20-->[:photo_manager] AndroidManifest.xml:8:22-77
21    <uses-permission android:name="android.permission.ACCESS_MEDIA_LOCATION" />
21-->[:photo_manager] AndroidManifest.xml:9:5-80
21-->[:photo_manager] AndroidManifest.xml:9:22-77
22    <uses-permission android:name="android.permission.ACCESS_FINE_LOCATION" /> <!-- Required by older versions of Google Play services to create IID tokens -->
22-->[:location] AndroidManifest.xml:8:5-79
22-->[:location] AndroidManifest.xml:8:22-76
23    <uses-permission android:name="com.google.android.c2dm.permission.RECEIVE" />
23-->[com.google.firebase:firebase-messaging:22.0.0] AndroidManifest.xml:25:5-82
23-->[com.google.firebase:firebase-messaging:22.0.0] AndroidManifest.xml:25:22-79
24    <uses-permission android:name="com.google.android.finsky.permission.BIND_GET_INSTALL_REFERRER_SERVICE" />
24-->[com.google.android.gms:play-services-measurement:19.0.0] AndroidManifest.xml:26:5-110
24-->[com.google.android.gms:play-services-measurement:19.0.0] AndroidManifest.xml:26:22-107
25    <!--
26 io.flutter.app.FlutterApplication is an android.app.Application that
27         calls FlutterMain.startInitialization(this); in its onCreate method.
28         In most cases you can leave this as-is, but you if you want to provide
29         additional functionality it is fine to subclass or reimplement
30         FlutterApplication and put your custom class here.
31    -->
32    <application
32-->src/main/AndroidManifest.xml:13:5-75:19
33        android:name="io.flutter.app.FlutterApplication"
33-->src/main/AndroidManifest.xml:15:9-57
34        android:allowBackup="false"
34-->src/main/AndroidManifest.xml:14:9-36
35        android:appComponentFactory="androidx.core.app.CoreComponentFactory"
35-->[androidx.core:core:1.6.0] AndroidManifest.xml:24:18-86
36        android:debuggable="true"
37        android:icon="@mipmap/launcher_icon"
37-->src/main/AndroidManifest.xml:17:9-45
38        android:label="Etkinlik Kafası" >
38-->src/main/AndroidManifest.xml:16:9-40
39        <meta-data
39-->src/main/AndroidManifest.xml:20:9-22:73
40            android:name="com.google.firebase.messaging.default_notification_icon"
40-->src/main/AndroidManifest.xml:21:13-83
41            android:resource="@drawable/etkinlik_kafasi_notification" />
41-->src/main/AndroidManifest.xml:22:13-70
42
43        <provider
44            android:name="androidx.core.content.FileProvider"
45            android:authorities="com.omer.eu.com.shekarmudaliyar.social_share"
46            android:exported="false"
47            android:grantUriPermissions="true" >
48            <meta-data
48-->[:image_picker] AndroidManifest.xml:13:13-15:75
49                android:name="android.support.FILE_PROVIDER_PATHS"
49-->[:image_picker] AndroidManifest.xml:14:17-67
50                android:resource="@xml/filepaths" />
50-->[:image_picker] AndroidManifest.xml:15:17-72
51        </provider>
52
53        <meta-data
53-->src/main/AndroidManifest.xml:35:9-36:70
54            android:name="com.google.android.geo.API_KEY"
54-->src/main/AndroidManifest.xml:35:20-65
55            android:value="AIzaSyDbVOB3LLjp_-2P17K4dRQP-SJVnG5E5t4" />
55-->src/main/AndroidManifest.xml:36:13-68
56
57        <activity
57-->src/main/AndroidManifest.xml:38:9-68:20
58            android:name="com.omer.eu.MainActivity"
58-->src/main/AndroidManifest.xml:39:13-41
59            android:configChanges="orientation|keyboardHidden|keyboard|screenSize|smallestScreenSize|locale|layoutDirection|fontScale|screenLayout|density|uiMode"
59-->src/main/AndroidManifest.xml:42:13-163
60            android:hardwareAccelerated="true"
60-->src/main/AndroidManifest.xml:43:13-47
61            android:launchMode="singleTop"
61-->src/main/AndroidManifest.xml:40:13-43
62            android:theme="@style/LaunchTheme"
62-->src/main/AndroidManifest.xml:41:13-47
63            android:windowSoftInputMode="adjustResize" >
63-->src/main/AndroidManifest.xml:44:13-55
64
65            <!--
66                 Specifies an Android theme to apply to this Activity as soon as
67                 the Android process has started. This theme is visible to the user
68                 while the Flutter UI initializes. After that, this theme continues
69                 to determine the Window background behind the Flutter UI.
70            -->
71            <meta-data
71-->src/main/AndroidManifest.xml:49:13-52:17
72                android:name="io.flutter.embedding.android.NormalTheme"
72-->src/main/AndroidManifest.xml:50:15-70
73                android:resource="@style/NormalTheme" />
73-->src/main/AndroidManifest.xml:51:15-52
74            <!--
75                 Displays an Android View that continues showing the launch screen
76                 Drawable until Flutter paints its first frame, then this splash
77                 screen fades out. A splash screen is useful to avoid any visual
78                 gap between the end of Android's launch screen and the painting of
79                 Flutter's first frame.
80            -->
81            <meta-data
81-->src/main/AndroidManifest.xml:58:13-61:17
82                android:name="io.flutter.embedding.android.SplashScreenDrawable"
82-->src/main/AndroidManifest.xml:59:15-79
83                android:resource="@drawable/launch_background" />
83-->src/main/AndroidManifest.xml:60:15-61
84
85            <intent-filter>
85-->src/main/AndroidManifest.xml:63:13-67:29
86                <action android:name="android.intent.action.MAIN" />
86-->src/main/AndroidManifest.xml:65:17-68
86-->src/main/AndroidManifest.xml:65:25-66
87
88                <category android:name="android.intent.category.LAUNCHER" />
88-->src/main/AndroidManifest.xml:66:17-76
88-->src/main/AndroidManifest.xml:66:27-74
89            </intent-filter>
90        </activity>
91        <!--
92             Don't delete the meta-data below.
93             This is used by the Flutter tool to generate GeneratedPluginRegistrant.java
94        -->
95        <meta-data
95-->src/main/AndroidManifest.xml:71:9-73:33
96            android:name="flutterEmbedding"
96-->src/main/AndroidManifest.xml:72:13-44
97            android:value="2" />
97-->src/main/AndroidManifest.xml:73:13-30
98
99        <service
99-->[:cloud_firestore] AndroidManifest.xml:8:9-12:19
100            android:name="com.google.firebase.components.ComponentDiscoveryService"
100-->[:cloud_firestore] AndroidManifest.xml:8:18-89
101            android:directBootAware="true"
101-->[com.google.firebase:firebase-common:20.0.0] AndroidManifest.xml:35:13-43
102            android:exported="false" >
102-->[com.google.firebase:firebase-analytics-ktx:19.0.0] AndroidManifest.xml:10:13-37
103            <meta-data
103-->[:cloud_firestore] AndroidManifest.xml:9:13-11:85
104                android:name="com.google.firebase.components:io.flutter.plugins.firebase.firestore.FlutterFirebaseFirestoreRegistrar"
104-->[:cloud_firestore] AndroidManifest.xml:10:17-134
105                android:value="com.google.firebase.components.ComponentRegistrar" />
105-->[:cloud_firestore] AndroidManifest.xml:11:17-82
106            <meta-data
106-->[:firebase_auth] AndroidManifest.xml:9:13-11:85
107                android:name="com.google.firebase.components:io.flutter.plugins.firebase.auth.FlutterFirebaseAuthRegistrar"
107-->[:firebase_auth] AndroidManifest.xml:10:17-124
108                android:value="com.google.firebase.components.ComponentRegistrar" />
108-->[:firebase_auth] AndroidManifest.xml:11:17-82
109            <meta-data
109-->[:firebase_storage] AndroidManifest.xml:9:13-11:85
110                android:name="com.google.firebase.components:io.flutter.plugins.firebase.storage.FlutterFirebaseAppRegistrar"
110-->[:firebase_storage] AndroidManifest.xml:10:17-126
111                android:value="com.google.firebase.components.ComponentRegistrar" />
111-->[:firebase_storage] AndroidManifest.xml:11:17-82
112            <meta-data
112-->[:firebase_messaging] AndroidManifest.xml:34:13-36:85
113                android:name="com.google.firebase.components:io.flutter.plugins.firebase.messaging.FlutterFirebaseAppRegistrar"
113-->[:firebase_messaging] AndroidManifest.xml:35:17-128
114                android:value="com.google.firebase.components.ComponentRegistrar" />
114-->[:firebase_messaging] AndroidManifest.xml:36:17-82
115            <meta-data
115-->[:firebase_core] AndroidManifest.xml:9:13-11:85
116                android:name="com.google.firebase.components:io.flutter.plugins.firebase.core.FlutterFirebaseCoreRegistrar"
116-->[:firebase_core] AndroidManifest.xml:10:17-124
117                android:value="com.google.firebase.components.ComponentRegistrar" />
117-->[:firebase_core] AndroidManifest.xml:11:17-82
118            <meta-data
118-->[com.google.firebase:firebase-analytics-ktx:19.0.0] AndroidManifest.xml:11:13-13:85
119                android:name="com.google.firebase.components:com.google.firebase.analytics.ktx.FirebaseAnalyticsKtxRegistrar"
119-->[com.google.firebase:firebase-analytics-ktx:19.0.0] AndroidManifest.xml:12:17-126
120                android:value="com.google.firebase.components.ComponentRegistrar" />
120-->[com.google.firebase:firebase-analytics-ktx:19.0.0] AndroidManifest.xml:13:17-82
121            <meta-data
121-->[com.google.firebase:firebase-common-ktx:20.0.0] AndroidManifest.xml:15:13-17:85
122                android:name="com.google.firebase.components:com.google.firebase.ktx.FirebaseCommonKtxRegistrar"
122-->[com.google.firebase:firebase-common-ktx:20.0.0] AndroidManifest.xml:16:17-113
123                android:value="com.google.firebase.components.ComponentRegistrar" />
123-->[com.google.firebase:firebase-common-ktx:20.0.0] AndroidManifest.xml:17:17-82
124            <meta-data
124-->[com.google.firebase:firebase-auth:21.0.1] AndroidManifest.xml:77:13-79:85
125                android:name="com.google.firebase.components:com.google.firebase.auth.FirebaseAuthRegistrar"
125-->[com.google.firebase:firebase-auth:21.0.1] AndroidManifest.xml:78:17-109
126                android:value="com.google.firebase.components.ComponentRegistrar" />
126-->[com.google.firebase:firebase-auth:21.0.1] AndroidManifest.xml:79:17-82
127            <meta-data
127-->[com.google.firebase:firebase-messaging:22.0.0] AndroidManifest.xml:52:13-54:85
128                android:name="com.google.firebase.components:com.google.firebase.messaging.FirebaseMessagingRegistrar"
128-->[com.google.firebase:firebase-messaging:22.0.0] AndroidManifest.xml:53:17-119
129                android:value="com.google.firebase.components.ComponentRegistrar" />
129-->[com.google.firebase:firebase-messaging:22.0.0] AndroidManifest.xml:54:17-82
130            <meta-data
130-->[com.google.firebase:firebase-datatransport:18.0.0] AndroidManifest.xml:28:13-30:85
131                android:name="com.google.firebase.components:com.google.firebase.datatransport.TransportRegistrar"
131-->[com.google.firebase:firebase-datatransport:18.0.0] AndroidManifest.xml:29:17-115
132                android:value="com.google.firebase.components.ComponentRegistrar" />
132-->[com.google.firebase:firebase-datatransport:18.0.0] AndroidManifest.xml:30:17-82
133            <meta-data
133-->[com.google.firebase:firebase-firestore:23.0.1] AndroidManifest.xml:20:13-22:85
134                android:name="com.google.firebase.components:com.google.firebase.firestore.FirestoreRegistrar"
134-->[com.google.firebase:firebase-firestore:23.0.1] AndroidManifest.xml:21:17-111
135                android:value="com.google.firebase.components.ComponentRegistrar" />
135-->[com.google.firebase:firebase-firestore:23.0.1] AndroidManifest.xml:22:17-82
136            <meta-data
136-->[com.google.firebase:firebase-storage:20.0.0] AndroidManifest.xml:33:13-35:85
137                android:name="com.google.firebase.components:com.google.firebase.storage.StorageRegistrar"
137-->[com.google.firebase:firebase-storage:20.0.0] AndroidManifest.xml:34:17-107
138                android:value="com.google.firebase.components.ComponentRegistrar" />
138-->[com.google.firebase:firebase-storage:20.0.0] AndroidManifest.xml:35:17-82
139            <meta-data
139-->[com.google.android.gms:play-services-measurement-api:19.0.0] AndroidManifest.xml:30:13-32:85
140                android:name="com.google.firebase.components:com.google.firebase.analytics.connector.internal.AnalyticsConnectorRegistrar"
140-->[com.google.android.gms:play-services-measurement-api:19.0.0] AndroidManifest.xml:31:17-139
141                android:value="com.google.firebase.components.ComponentRegistrar" />
141-->[com.google.android.gms:play-services-measurement-api:19.0.0] AndroidManifest.xml:32:17-82
142            <meta-data
142-->[com.google.firebase:firebase-installations:17.0.0] AndroidManifest.xml:18:13-20:85
143                android:name="com.google.firebase.components:com.google.firebase.installations.FirebaseInstallationsRegistrar"
143-->[com.google.firebase:firebase-installations:17.0.0] AndroidManifest.xml:19:17-127
144                android:value="com.google.firebase.components.ComponentRegistrar" />
144-->[com.google.firebase:firebase-installations:17.0.0] AndroidManifest.xml:20:17-82
145        </service>
146        <service
146-->[:firebase_messaging] AndroidManifest.xml:12:9-15:72
147            android:name="io.flutter.plugins.firebase.messaging.FlutterFirebaseMessagingBackgroundService"
147-->[:firebase_messaging] AndroidManifest.xml:13:13-107
148            android:exported="false"
148-->[:firebase_messaging] AndroidManifest.xml:14:13-37
149            android:permission="android.permission.BIND_JOB_SERVICE" />
149-->[:firebase_messaging] AndroidManifest.xml:15:13-69
150        <service
150-->[:firebase_messaging] AndroidManifest.xml:16:9-22:19
151            android:name="io.flutter.plugins.firebase.messaging.FlutterFirebaseMessagingService"
151-->[:firebase_messaging] AndroidManifest.xml:17:13-97
152            android:exported="false" >
152-->[:firebase_messaging] AndroidManifest.xml:18:13-37
153            <intent-filter>
153-->[:firebase_messaging] AndroidManifest.xml:19:13-21:29
154                <action android:name="com.google.firebase.MESSAGING_EVENT" />
154-->[:firebase_messaging] AndroidManifest.xml:20:17-78
154-->[:firebase_messaging] AndroidManifest.xml:20:25-75
155            </intent-filter>
156        </service>
157
158        <receiver
158-->[:firebase_messaging] AndroidManifest.xml:24:9-31:20
159            android:name="io.flutter.plugins.firebase.messaging.FlutterFirebaseMessagingReceiver"
159-->[:firebase_messaging] AndroidManifest.xml:25:13-98
160            android:exported="true"
160-->[:firebase_messaging] AndroidManifest.xml:26:13-36
161            android:permission="com.google.android.c2dm.permission.SEND" >
161-->[:firebase_messaging] AndroidManifest.xml:27:13-73
162            <intent-filter>
162-->[:firebase_messaging] AndroidManifest.xml:28:13-30:29
163                <action android:name="com.google.android.c2dm.intent.RECEIVE" />
163-->[:firebase_messaging] AndroidManifest.xml:29:17-81
163-->[:firebase_messaging] AndroidManifest.xml:29:25-78
164            </intent-filter>
165        </receiver>
166
167        <provider
167-->[:firebase_messaging] AndroidManifest.xml:39:9-43:38
168            android:name="io.flutter.plugins.firebase.messaging.FlutterFirebaseMessagingInitProvider"
168-->[:firebase_messaging] AndroidManifest.xml:40:13-102
169            android:authorities="com.omer.eu.flutterfirebasemessaginginitprovider"
169-->[:firebase_messaging] AndroidManifest.xml:41:13-88
170            android:exported="false"
170-->[:firebase_messaging] AndroidManifest.xml:42:13-37
171            android:initOrder="99" />
171-->[:firebase_messaging] AndroidManifest.xml:43:13-35
172        <provider
172-->[:image_picker] AndroidManifest.xml:8:9-16:20
173            android:name="io.flutter.plugins.imagepicker.ImagePickerFileProvider"
173-->[:image_picker] AndroidManifest.xml:9:13-82
174            android:authorities="com.omer.eu.flutter.image_provider"
174-->[:image_picker] AndroidManifest.xml:10:13-74
175            android:exported="false"
175-->[:image_picker] AndroidManifest.xml:11:13-37
176            android:grantUriPermissions="true" >
176-->[:image_picker] AndroidManifest.xml:12:13-47
177            <meta-data
177-->[:image_picker] AndroidManifest.xml:13:13-15:75
178                android:name="android.support.FILE_PROVIDER_PATHS"
178-->[:image_picker] AndroidManifest.xml:14:17-67
179                android:resource="@xml/flutter_image_picker_file_paths" />
179-->[:image_picker] AndroidManifest.xml:15:17-72
180        </provider>
181
182        <activity
182-->[:url_launcher] AndroidManifest.xml:8:9-11:74
183            android:name="io.flutter.plugins.urllauncher.WebViewActivity"
183-->[:url_launcher] AndroidManifest.xml:9:13-74
184            android:exported="false"
184-->[:url_launcher] AndroidManifest.xml:10:13-37
185            android:theme="@android:style/Theme.NoTitleBar.Fullscreen" />
185-->[:url_launcher] AndroidManifest.xml:11:13-71
186
187        <provider
187-->[:share] AndroidManifest.xml:8:9-16:20
188            android:name="io.flutter.plugins.share.ShareFileProvider"
188-->[:share] AndroidManifest.xml:9:13-70
189            android:authorities="com.omer.eu.flutter.share_provider"
189-->[:share] AndroidManifest.xml:10:13-74
190            android:exported="false"
190-->[:share] AndroidManifest.xml:11:13-37
191            android:grantUriPermissions="true" >
191-->[:share] AndroidManifest.xml:12:13-47
192            <meta-data
192-->[:image_picker] AndroidManifest.xml:13:13-15:75
193                android:name="android.support.FILE_PROVIDER_PATHS"
193-->[:image_picker] AndroidManifest.xml:14:17-67
194                android:resource="@xml/flutter_share_file_paths" />
194-->[:image_picker] AndroidManifest.xml:15:17-72
195        </provider>
196
197        <service
197-->[:location] AndroidManifest.xml:11:9-15:56
198            android:name="com.lyokone.location.FlutterLocationService"
198-->[:location] AndroidManifest.xml:12:13-71
199            android:enabled="true"
199-->[:location] AndroidManifest.xml:13:13-35
200            android:exported="false"
200-->[:location] AndroidManifest.xml:14:13-37
201            android:foregroundServiceType="location" />
201-->[:location] AndroidManifest.xml:15:13-53
202
203        <provider
203-->[com.sangcomz:FishBun:0.11.2] AndroidManifest.xml:12:9-20:20
204            android:name="com.sangcomz.fishbun.FishBunFileProvider"
204-->[com.sangcomz:FishBun:0.11.2] AndroidManifest.xml:13:13-68
205            android:authorities="com.omer.eu.fishbunfileprovider"
205-->[com.sangcomz:FishBun:0.11.2] AndroidManifest.xml:14:13-71
206            android:exported="false"
206-->[com.sangcomz:FishBun:0.11.2] AndroidManifest.xml:15:13-37
207            android:grantUriPermissions="true" >
207-->[com.sangcomz:FishBun:0.11.2] AndroidManifest.xml:16:13-47
208            <meta-data
208-->[:image_picker] AndroidManifest.xml:13:13-15:75
209                android:name="android.support.FILE_PROVIDER_PATHS"
209-->[:image_picker] AndroidManifest.xml:14:17-67
210                android:resource="@xml/provider_paths" />
210-->[:image_picker] AndroidManifest.xml:15:17-72
211        </provider>
212
213        <activity
213-->[com.sangcomz:FishBun:0.11.2] AndroidManifest.xml:22:9-25:51
214            android:name="com.sangcomz.fishbun.ui.album.AlbumActivity"
214-->[com.sangcomz:FishBun:0.11.2] AndroidManifest.xml:23:13-71
215            android:label="@string/album"
215-->[com.sangcomz:FishBun:0.11.2] AndroidManifest.xml:24:13-42
216            android:theme="@style/FishBunTheme" />
216-->[com.sangcomz:FishBun:0.11.2] AndroidManifest.xml:25:13-48
217        <activity
217-->[com.sangcomz:FishBun:0.11.2] AndroidManifest.xml:26:9-28:51
218            android:name="com.sangcomz.fishbun.ui.picker.PickerActivity"
218-->[com.sangcomz:FishBun:0.11.2] AndroidManifest.xml:27:13-73
219            android:theme="@style/FishBunTheme" />
219-->[com.sangcomz:FishBun:0.11.2] AndroidManifest.xml:28:13-48
220        <activity
220-->[com.sangcomz:FishBun:0.11.2] AndroidManifest.xml:29:9-31:54
221            android:name="com.sangcomz.fishbun.ui.detail.DetailActivity"
221-->[com.sangcomz:FishBun:0.11.2] AndroidManifest.xml:30:13-73
222            android:theme="@style/DetailViewTheme" />
222-->[com.sangcomz:FishBun:0.11.2] AndroidManifest.xml:31:13-51
223        <activity
223-->[com.google.firebase:firebase-auth:21.0.1] AndroidManifest.xml:27:9-44:20
224            android:name="com.google.firebase.auth.internal.GenericIdpActivity"
224-->[com.google.firebase:firebase-auth:21.0.1] AndroidManifest.xml:28:13-80
225            android:excludeFromRecents="true"
225-->[com.google.firebase:firebase-auth:21.0.1] AndroidManifest.xml:29:13-46
226            android:exported="true"
226-->[com.google.firebase:firebase-auth:21.0.1] AndroidManifest.xml:30:13-36
227            android:launchMode="singleTask"
227-->[com.google.firebase:firebase-auth:21.0.1] AndroidManifest.xml:31:13-44
228            android:theme="@android:style/Theme.Translucent.NoTitleBar" >
228-->[com.google.firebase:firebase-auth:21.0.1] AndroidManifest.xml:32:13-72
229            <intent-filter>
229-->[com.google.firebase:firebase-auth:21.0.1] AndroidManifest.xml:33:13-43:29
230                <action android:name="android.intent.action.VIEW" />
230-->[com.google.firebase:firebase-auth:21.0.1] AndroidManifest.xml:34:17-69
230-->[com.google.firebase:firebase-auth:21.0.1] AndroidManifest.xml:34:25-66
231
232                <category android:name="android.intent.category.DEFAULT" />
232-->[com.google.firebase:firebase-auth:21.0.1] AndroidManifest.xml:36:17-76
232-->[com.google.firebase:firebase-auth:21.0.1] AndroidManifest.xml:36:27-73
233                <category android:name="android.intent.category.BROWSABLE" />
233-->[com.google.firebase:firebase-auth:21.0.1] AndroidManifest.xml:37:17-78
233-->[com.google.firebase:firebase-auth:21.0.1] AndroidManifest.xml:37:27-75
234
235                <data
235-->[com.google.firebase:firebase-auth:21.0.1] AndroidManifest.xml:39:17-42:51
236                    android:host="firebase.auth"
236-->[com.google.firebase:firebase-auth:21.0.1] AndroidManifest.xml:40:21-49
237                    android:path="/"
237-->[com.google.firebase:firebase-auth:21.0.1] AndroidManifest.xml:41:21-37
238                    android:scheme="genericidp" />
238-->[com.google.firebase:firebase-auth:21.0.1] AndroidManifest.xml:42:21-48
239            </intent-filter>
240        </activity>
241        <activity
241-->[com.google.firebase:firebase-auth:21.0.1] AndroidManifest.xml:45:9-62:20
242            android:name="com.google.firebase.auth.internal.RecaptchaActivity"
242-->[com.google.firebase:firebase-auth:21.0.1] AndroidManifest.xml:46:13-79
243            android:excludeFromRecents="true"
243-->[com.google.firebase:firebase-auth:21.0.1] AndroidManifest.xml:47:13-46
244            android:exported="true"
244-->[com.google.firebase:firebase-auth:21.0.1] AndroidManifest.xml:48:13-36
245            android:launchMode="singleTask"
245-->[com.google.firebase:firebase-auth:21.0.1] AndroidManifest.xml:49:13-44
246            android:theme="@android:style/Theme.Translucent.NoTitleBar" >
246-->[com.google.firebase:firebase-auth:21.0.1] AndroidManifest.xml:50:13-72
247            <intent-filter>
247-->[com.google.firebase:firebase-auth:21.0.1] AndroidManifest.xml:51:13-61:29
248                <action android:name="android.intent.action.VIEW" />
248-->[com.google.firebase:firebase-auth:21.0.1] AndroidManifest.xml:34:17-69
248-->[com.google.firebase:firebase-auth:21.0.1] AndroidManifest.xml:34:25-66
249
250                <category android:name="android.intent.category.DEFAULT" />
250-->[com.google.firebase:firebase-auth:21.0.1] AndroidManifest.xml:36:17-76
250-->[com.google.firebase:firebase-auth:21.0.1] AndroidManifest.xml:36:27-73
251                <category android:name="android.intent.category.BROWSABLE" />
251-->[com.google.firebase:firebase-auth:21.0.1] AndroidManifest.xml:37:17-78
251-->[com.google.firebase:firebase-auth:21.0.1] AndroidManifest.xml:37:27-75
252
253                <data
253-->[com.google.firebase:firebase-auth:21.0.1] AndroidManifest.xml:39:17-42:51
254                    android:host="firebase.auth"
254-->[com.google.firebase:firebase-auth:21.0.1] AndroidManifest.xml:40:21-49
255                    android:path="/"
255-->[com.google.firebase:firebase-auth:21.0.1] AndroidManifest.xml:41:21-37
256                    android:scheme="recaptcha" />
256-->[com.google.firebase:firebase-auth:21.0.1] AndroidManifest.xml:42:21-48
257            </intent-filter>
258        </activity>
259
260        <service
260-->[com.google.firebase:firebase-auth:21.0.1] AndroidManifest.xml:64:9-73:19
261            android:name="com.google.firebase.auth.api.fallback.service.FirebaseAuthFallbackService"
261-->[com.google.firebase:firebase-auth:21.0.1] AndroidManifest.xml:65:13-101
262            android:enabled="true"
262-->[com.google.firebase:firebase-auth:21.0.1] AndroidManifest.xml:66:13-35
263            android:exported="false" >
263-->[com.google.firebase:firebase-auth:21.0.1] AndroidManifest.xml:67:13-37
264            <intent-filter>
264-->[com.google.firebase:firebase-auth:21.0.1] AndroidManifest.xml:68:13-72:29
265                <action android:name="com.google.firebase.auth.api.gms.service.START" />
265-->[com.google.firebase:firebase-auth:21.0.1] AndroidManifest.xml:69:17-89
265-->[com.google.firebase:firebase-auth:21.0.1] AndroidManifest.xml:69:25-86
266
267                <category android:name="android.intent.category.DEFAULT" />
267-->[com.google.firebase:firebase-auth:21.0.1] AndroidManifest.xml:36:17-76
267-->[com.google.firebase:firebase-auth:21.0.1] AndroidManifest.xml:36:27-73
268            </intent-filter>
269        </service>
270
271        <receiver
271-->[com.google.firebase:firebase-messaging:22.0.0] AndroidManifest.xml:28:9-35:20
272            android:name="com.google.firebase.iid.FirebaseInstanceIdReceiver"
272-->[com.google.firebase:firebase-messaging:22.0.0] AndroidManifest.xml:29:13-78
273            android:exported="true"
273-->[com.google.firebase:firebase-messaging:22.0.0] AndroidManifest.xml:30:13-36
274            android:permission="com.google.android.c2dm.permission.SEND" >
274-->[com.google.firebase:firebase-messaging:22.0.0] AndroidManifest.xml:31:13-73
275            <intent-filter>
275-->[:firebase_messaging] AndroidManifest.xml:28:13-30:29
276                <action android:name="com.google.android.c2dm.intent.RECEIVE" />
276-->[:firebase_messaging] AndroidManifest.xml:29:17-81
276-->[:firebase_messaging] AndroidManifest.xml:29:25-78
277            </intent-filter>
278        </receiver>
279        <!--
280             FirebaseMessagingService performs security checks at runtime,
281             but set to not exported to explicitly avoid allowing another app to call it.
282        -->
283        <service
283-->[com.google.firebase:firebase-messaging:22.0.0] AndroidManifest.xml:41:9-48:19
284            android:name="com.google.firebase.messaging.FirebaseMessagingService"
284-->[com.google.firebase:firebase-messaging:22.0.0] AndroidManifest.xml:42:13-82
285            android:directBootAware="true"
285-->[com.google.firebase:firebase-messaging:22.0.0] AndroidManifest.xml:43:13-43
286            android:exported="false" >
286-->[com.google.firebase:firebase-messaging:22.0.0] AndroidManifest.xml:44:13-37
287            <intent-filter android:priority="-500" >
287-->[:firebase_messaging] AndroidManifest.xml:19:13-21:29
288                <action android:name="com.google.firebase.MESSAGING_EVENT" />
288-->[:firebase_messaging] AndroidManifest.xml:20:17-78
288-->[:firebase_messaging] AndroidManifest.xml:20:25-75
289            </intent-filter>
290        </service>
291        <service
291-->[com.google.android.datatransport:transport-backend-cct:3.0.0] AndroidManifest.xml:29:9-35:19
292            android:name="com.google.android.datatransport.runtime.backends.TransportBackendDiscovery"
292-->[com.google.android.datatransport:transport-backend-cct:3.0.0] AndroidManifest.xml:30:13-103
293            android:exported="false" >
293-->[com.google.android.datatransport:transport-backend-cct:3.0.0] AndroidManifest.xml:31:13-37